<?xml version="1.0" encoding="UTF-8"?>
<testng-results ignored="0" total="1" passed="1" failed="0" skipped="0">
  <reporter-output>
  </reporter-output>
  <suite started-at="2024-09-04T14:03:17 IST" name="Default suite" finished-at="2024-09-04T14:04:11 IST" duration-ms="54186">
    <groups>
    </groups>
    <test started-at="2024-09-04T14:03:17 IST" name="Default test" finished-at="2024-09-04T14:04:11 IST" duration-ms="54186">
      <class name="rahulshettyacademy.ExtentReports.ExtentReportDemo">
        <test-method is-config="true" signature="config()[pri:0, instance:rahulshettyacademy.ExtentReports.ExtentReportDemo@470734c3]" started-at="2024-09-04T14:03:17 IST" name="config" finished-at="2024-09-04T14:03:22 IST" duration-ms="4392" status="PASS">
          <reporter-output>
          </reporter-output>
        </test-method> <!-- config -->
        <test-method signature="initalDemo()[pri:0, instance:rahulshettyacademy.ExtentReports.ExtentReportDemo@470734c3]" started-at="2024-09-04T14:03:22 IST" name="initalDemo" finished-at="2024-09-04T14:04:11 IST" duration-ms="49723" status="PASS">
          <reporter-output>
          </reporter-output>
        </test-method> <!-- initalDemo -->
      </class> <!-- rahulshettyacademy.ExtentReports.ExtentReportDemo -->
    </test> <!-- Default test -->
  </suite> <!-- Default suite -->
</testng-results>
